<?xml version="1.0" encoding="UTF-8"?>
<!-- Generated by org.testng.reporters.JUnitReportReporter -->
<testsuite skipped="0" hostname="aman-PC" name="testScript.Tc_0001Login" tests="1" failures="0" timestamp="27 Aug 2017 07:41:58 GMT" time="37.950" errors="0">
  <testcase name="testLogin" time="37.950" classname="testScript.Tc_0001Login"/>
</testsuite> <!-- testScript.Tc_0001Login -->
